Arguments: 
  C:\Program Files\nodejs\node.exe C:\Users\Wavamuno\AppData\Roaming\npm\node_modules\yarn\bin\yarn.js add sass -D

PATH: 
  C:\Program Files (x86)\Common Files\Oracle\Java\javapath;C:\Windows\system32;C:\Windows;C:\Windows\System32\Wbem;C:\Windows\System32\WindowsPowerShell\v1.0\;C:\Windows\System32\OpenSSH\;C:\Program Files\Java\jre1.8.0_211\bin;C:\Program Files\Git\cmd;C:\Program Files (x86)\Brackets\command;C:\Program Files\nodejs\;C:\Users\Wavamuno\AppData\Local\Programs\Python\Python37-32\Scripts\;C:\Users\Wavamuno\AppData\Local\Programs\Python\Python37-32\;C:\Program Files\MySQL\MySQL Shell 8.0\bin\;C:\Users\Wavamuno\AppData\Local\Programs\Microsoft VS Code\bin;C:\Users\Wavamuno\AppData\Roaming\npm

Yarn version: 
  1.17.3

Node version: 
  12.9.0

Platform: 
  win32 x64

Trace: 
  Error: getaddrinfo ENOTFOUND registry.yarnpkg.com
      at GetAddrInfoReqWrap.onlookup [as oncomplete] (dns.js:60:26)

npm manifest: 
  {
    "name": "transistioning-pages",
    "version": "1.0.0",
    "description": "Pages transistioning in style",
    "main": "index.js",
    "scripts": {
      "test": "echo \"Error: no test specified\" && exit 1"
    },
    "author": "Wavamuno Brandon Elijah",
    "license": "ISC",
    "dependencies": {
      "@dogstudio/highway": "^2.1.3",
      "gsap": "^2.1.3",
      "parcel-bundler": "^1.12.3"
    }
  }

yarn manifest: 
  No manifest

Lockfile: 
  No lockfile
